<?xml version="1.0" encoding="UTF-8"?>
<testsuite name="http.server.gradle.AppTest" tests="1" skipped="0" failures="0" errors="0" timestamp="2023-09-12T01:06:10" hostname="FinalsharePC" time="0.01">
  <properties/>
  <testcase name="isParserWorking" classname="http.server.gradle.AppTest" time="0.01"/>
  <system-out><![CDATA[]]></system-out>
  <system-err><![CDATA[]]></system-err>
</testsuite>
